{"level":"\u001b[32minfo\u001b[39m","message":"\u001b[32m🚌 Safar Sathi server running on port 5000\u001b[39m","timestamp":"2025-09-07 16:49:31:4931"}
{"level":"\u001b[32minfo\u001b[39m","message":"\u001b[32mEnvironment: development\u001b[39m","timestamp":"2025-09-07 16:49:31:4931"}
{"level":"\u001b[32minfo\u001b[39m","message":"\u001b[32mRedis: localhost:6379\u001b[39m","timestamp":"2025-09-07 16:49:31:4931"}
{"level":"\u001b[35mhttp\u001b[39m","message":"\u001b[35mGET / 404 60 - 27.761 ms\u001b[39m","timestamp":"2025-09-07 16:51:28:5128"}
{"level":"\u001b[35mhttp\u001b[39m","message":"\u001b[35mGET /favicon.ico 404 71 - 2.367 ms\u001b[39m","timestamp":"2025-09-07 16:51:28:5128"}
{"level":"\u001b[35mhttp\u001b[39m","message":"\u001b[35mGET / 404 60 - 0.542 ms\u001b[39m","timestamp":"2025-09-07 16:51:32:5132"}
{"code":"3D000","file":"postinit.c","length":97,"level":"\u001b[31merror\u001b[39m","line":"1034","message":"\u001b[31mHealth check failed: database \"safar_sathi\" does not exist\u001b[39m","name":"error","routine":"InitPostgres","severity":"FATAL","stack":"error: database \"safar_sathi\" does not exist\n    at C:\\Users\\91875\\Documents\\Safar Sathi\\node_modules\\pg-pool\\index.js:45:11\n    at process.processTicksAndRejections (node:internal/process/task_queues:105:5)\n    at async C:\\Users\\91875\\Documents\\Safar Sathi\\app.js:88:5","timestamp":"2025-09-07 16:52:24:5224"}
{"level":"\u001b[35mhttp\u001b[39m","message":"\u001b[35mGET /health 503 111 - 55.513 ms\u001b[39m","timestamp":"2025-09-07 16:52:24:5224"}
{"level":"\u001b[35mhttp\u001b[39m","message":"\u001b[35mGET / 404 60 - 1.013 ms\u001b[39m","timestamp":"2025-09-07 16:52:42:5242"}
{"level":"\u001b[35mhttp\u001b[39m","message":"\u001b[35mGET / 404 60 - 13.764 ms\u001b[39m","timestamp":"2025-09-07 16:52:43:5243"}
{"code":"3D000","file":"postinit.c","length":97,"level":"\u001b[31merror\u001b[39m","line":"1034","message":"\u001b[31mHealth check failed: database \"safar_sathi\" does not exist\u001b[39m","name":"error","routine":"InitPostgres","severity":"FATAL","stack":"error: database \"safar_sathi\" does not exist\n    at C:\\Users\\91875\\Documents\\Safar Sathi\\node_modules\\pg-pool\\index.js:45:11\n    at process.processTicksAndRejections (node:internal/process/task_queues:105:5)\n    at async C:\\Users\\91875\\Documents\\Safar Sathi\\app.js:88:5","timestamp":"2025-09-07 16:56:46:5646"}
{"level":"\u001b[35mhttp\u001b[39m","message":"\u001b[35mGET /health 503 111 - 185.017 ms\u001b[39m","timestamp":"2025-09-07 16:56:46:5646"}
{"code":"3D000","file":"postinit.c","length":97,"level":"\u001b[31merror\u001b[39m","line":"1034","message":"\u001b[31mHealth check failed: database \"safar_sathi\" does not exist\u001b[39m","name":"error","routine":"InitPostgres","severity":"FATAL","stack":"error: database \"safar_sathi\" does not exist\n    at C:\\Users\\91875\\Documents\\Safar Sathi\\node_modules\\pg-pool\\index.js:45:11\n    at process.processTicksAndRejections (node:internal/process/task_queues:105:5)\n    at async C:\\Users\\91875\\Documents\\Safar Sathi\\app.js:88:5","timestamp":"2025-09-07 16:59:25:5925"}
{"level":"\u001b[35mhttp\u001b[39m","message":"\u001b[35mGET /health 503 111 - 48.021 ms\u001b[39m","timestamp":"2025-09-07 16:59:25:5925"}
{"level":"\u001b[35mhttp\u001b[39m","message":"\u001b[35mGET / 404 60 - 18.218 ms\u001b[39m","timestamp":"2025-09-07 17:48:22:4822"}
{"level":"\u001b[35mhttp\u001b[39m","message":"\u001b[35mGET / 404 60 - 16.449 ms\u001b[39m","timestamp":"2025-09-07 17:49:19:4919"}
{"level":"\u001b[32minfo\u001b[39m","message":"\u001b[32m🚌 Safar Sathi server running on port 5000\u001b[39m","timestamp":"2025-09-07 17:52:10:5210"}
{"level":"\u001b[32minfo\u001b[39m","message":"\u001b[32mEnvironment: development\u001b[39m","timestamp":"2025-09-07 17:52:10:5210"}
{"level":"\u001b[32minfo\u001b[39m","message":"\u001b[32mRedis: localhost:6379\u001b[39m","timestamp":"2025-09-07 17:52:10:5210"}
{"level":"\u001b[32minfo\u001b[39m","message":"\u001b[32m🚌 Safar Sathi server running on port 5000\u001b[39m","timestamp":"2025-09-07 17:52:21:5221"}
{"level":"\u001b[32minfo\u001b[39m","message":"\u001b[32mEnvironment: development\u001b[39m","timestamp":"2025-09-07 17:52:21:5221"}
{"level":"\u001b[32minfo\u001b[39m","message":"\u001b[32mRedis: localhost:6379\u001b[39m","timestamp":"2025-09-07 17:52:21:5221"}
{"level":"\u001b[32minfo\u001b[39m","message":"\u001b[32m🚌 Safar Sathi server running on port 5000\u001b[39m","timestamp":"2025-09-07 17:52:26:5226"}
{"level":"\u001b[32minfo\u001b[39m","message":"\u001b[32mEnvironment: development\u001b[39m","timestamp":"2025-09-07 17:52:26:5226"}
{"level":"\u001b[32minfo\u001b[39m","message":"\u001b[32mRedis: localhost:6379\u001b[39m","timestamp":"2025-09-07 17:52:26:5226"}
{"level":"\u001b[32minfo\u001b[39m","message":"\u001b[32m🚌 Safar Sathi server running on port 5000\u001b[39m","timestamp":"2025-09-07 17:52:34:5234"}
{"level":"\u001b[32minfo\u001b[39m","message":"\u001b[32mEnvironment: development\u001b[39m","timestamp":"2025-09-07 17:52:34:5234"}
{"level":"\u001b[32minfo\u001b[39m","message":"\u001b[32mRedis: localhost:6379\u001b[39m","timestamp":"2025-09-07 17:52:34:5234"}
{"level":"\u001b[32minfo\u001b[39m","message":"\u001b[32m🚌 Safar Sathi server running on port 5000\u001b[39m","timestamp":"2025-09-07 17:52:47:5247"}
{"level":"\u001b[32minfo\u001b[39m","message":"\u001b[32mEnvironment: development\u001b[39m","timestamp":"2025-09-07 17:52:47:5247"}
{"level":"\u001b[32minfo\u001b[39m","message":"\u001b[32mRedis: localhost:6379\u001b[39m","timestamp":"2025-09-07 17:52:47:5247"}
{"level":"\u001b[32minfo\u001b[39m","message":"\u001b[32m🚌 Safar Sathi server running on port 5000\u001b[39m","timestamp":"2025-09-07 17:52:51:5251"}
{"level":"\u001b[32minfo\u001b[39m","message":"\u001b[32mEnvironment: development\u001b[39m","timestamp":"2025-09-07 17:52:51:5251"}
{"level":"\u001b[32minfo\u001b[39m","message":"\u001b[32mRedis: localhost:6379\u001b[39m","timestamp":"2025-09-07 17:52:51:5251"}
{"level":"\u001b[32minfo\u001b[39m","message":"\u001b[32m🚌 Safar Sathi server running on port 5000\u001b[39m","timestamp":"2025-09-07 17:52:57:5257"}
{"level":"\u001b[32minfo\u001b[39m","message":"\u001b[32mEnvironment: development\u001b[39m","timestamp":"2025-09-07 17:52:57:5257"}
{"level":"\u001b[32minfo\u001b[39m","message":"\u001b[32mRedis: localhost:6379\u001b[39m","timestamp":"2025-09-07 17:52:57:5257"}
{"level":"\u001b[35mhttp\u001b[39m","message":"\u001b[35mGET / 404 60 - 64.819 ms\u001b[39m","timestamp":"2025-09-07 18:15:37:1537"}
{"level":"\u001b[32minfo\u001b[39m","message":"\u001b[32m🚌 Safar Sathi server running on port 5000\u001b[39m","timestamp":"2025-09-07 18:29:37:2937"}
{"level":"\u001b[32minfo\u001b[39m","message":"\u001b[32mEnvironment: development\u001b[39m","timestamp":"2025-09-07 18:29:37:2937"}
{"level":"\u001b[32minfo\u001b[39m","message":"\u001b[32mRedis: localhost:6379\u001b[39m","timestamp":"2025-09-07 18:29:37:2937"}
{"level":"\u001b[32minfo\u001b[39m","message":"\u001b[32m🚌 Safar Sathi server running on port 5000\u001b[39m","timestamp":"2025-09-07 18:29:39:2939"}
{"level":"\u001b[32minfo\u001b[39m","message":"\u001b[32mEnvironment: development\u001b[39m","timestamp":"2025-09-07 18:29:39:2939"}
{"level":"\u001b[32minfo\u001b[39m","message":"\u001b[32mRedis: localhost:6379\u001b[39m","timestamp":"2025-09-07 18:29:39:2939"}
